<?xml version="1.0" encoding="UTF-8"?>
<!-- Generated by org.testng.reporters.JUnitReportReporter -->
<<<<<<< HEAD
<testsuite hostname="CHNMCT133278L" name="com.TVEapplication.Module.SpectrumTVTest" tests="1" failures="0" timestamp="31 Jan 2018 05:21:57 GMT" time="0.955" errors="1">
  <testcase name="LiveTVFilter" time="0.955" classname="com.TVEapplication.Module.SpectrumTVTest">
    <error type="java.lang.NullPointerException">
      <![CDATA[java.lang.NullPointerException
	at com.charter.utils.GenericMethods.<init>(GenericMethods.java:50)
	at com.Application.LoginMethods.LiveTVClass.<init>(LiveTVClass.java:48)
	at com.TVEapplication.Module.SpectrumTVTest.LiveTVFilter(SpectrumTVTest.java:56)
=======
<testsuite hostname="CHNMCT133154L" name="com.TVEapplication.Module.SpectrumTVTest" tests="1" failures="0" timestamp="31 Jan 2018 10:03:09 GMT" time="0.846" errors="1">
  <testcase name="Settings_Parental_Control" time="0.846" classname="com.TVEapplication.Module.SpectrumTVTest">
    <error type="java.lang.NullPointerException">
      <![CDATA[java.lang.NullPointerException
	at com.charter.utils.GenericMethods.<init>(GenericMethods.java:50)
	at com.Application.LoginMethods.LoginClass.<init>(LoginClass.java:55)
	at com.TVEapplication.Module.SpectrumTVTest.Settings_Parental_Control(SpectrumTVTest.java:145)
>>>>>>> branch 'master' of https://gitlab.spectrumxg.com/E2E/OneApp_Appium.git
	at sun.reflect.NativeMethodAccessorImpl.invoke0(Native Method)
	at sun.reflect.NativeMethodAccessorImpl.invoke(NativeMethodAccessorImpl.java:62)
	at sun.reflect.DelegatingMethodAccessorImpl.invoke(DelegatingMethodAccessorImpl.java:43)
	at java.lang.reflect.Method.invoke(Method.java:498)
	at org.testng.internal.MethodInvocationHelper.invokeMethod(MethodInvocationHelper.java:86)
	at org.testng.internal.Invoker.invokeMethod(Invoker.java:643)
	at org.testng.internal.Invoker.invokeTestMethod(Invoker.java:820)
	at org.testng.internal.Invoker.invokeTestMethods(Invoker.java:1128)
	at org.testng.internal.TestMethodWorker.invokeTestMethods(TestMethodWorker.java:129)
	at org.testng.internal.TestMethodWorker.run(TestMethodWorker.java:112)
	at org.testng.TestRunner.privateRun(TestRunner.java:782)
	at org.testng.TestRunner.run(TestRunner.java:632)
	at org.testng.SuiteRunner.runTest(SuiteRunner.java:366)
	at org.testng.SuiteRunner.runSequentially(SuiteRunner.java:361)
	at org.testng.SuiteRunner.privateRun(SuiteRunner.java:319)
	at org.testng.SuiteRunner.run(SuiteRunner.java:268)
	at org.testng.SuiteRunnerWorker.runSuite(SuiteRunnerWorker.java:52)
	at org.testng.SuiteRunnerWorker.run(SuiteRunnerWorker.java:86)
	at org.testng.TestNG.runSuitesSequentially(TestNG.java:1244)
	at org.testng.TestNG.runSuitesLocally(TestNG.java:1169)
	at org.testng.TestNG.run(TestNG.java:1064)
	at org.testng.remote.AbstractRemoteTestNG.run(AbstractRemoteTestNG.java:114)
	at org.testng.remote.RemoteTestNG.initAndRun(RemoteTestNG.java:251)
	at org.testng.remote.RemoteTestNG.main(RemoteTestNG.java:77)
]]>
    </error>
<<<<<<< HEAD
  </testcase> <!-- LiveTVFilter -->
=======
  </testcase> <!-- Settings_Parental_Control -->
>>>>>>> branch 'master' of https://gitlab.spectrumxg.com/E2E/OneApp_Appium.git
</testsuite> <!-- com.TVEapplication.Module.SpectrumTVTest -->
